Initialize dataset with 1148437 characters, 86 unique.
TRAIN ACC AT EPOCH 1: 0.5668751161278335
TRAIN ACC AT EPOCH 2: 0.6397119449089558
TRAIN ACC AT EPOCH 3: 0.656926444630249
TRAIN ACC AT EPOCH 4: 0.6686515816610925
TRAIN ACC AT EPOCH 5: 0.6784106744704571
TRAIN ACC AT EPOCH 6: 0.6872941634150873
TRAIN ACC AT EPOCH 7: 0.6953371771646228
TRAIN ACC AT EPOCH 8: 0.7029563243218134
TRAIN ACC AT EPOCH 9: 0.7096914483463397
TRAIN ACC AT EPOCH 10: 0.7163008639910814
TRAIN ACC AT EPOCH 11: 0.7229619565217391
TRAIN ACC AT EPOCH 12: 0.7286681879412857
TRAIN ACC AT EPOCH 13: 0.7343268069490896
TRAIN ACC AT EPOCH 14: 0.7389855653102936
TRAIN ACC AT EPOCH 15: 0.7433243914901524
TRAIN ACC AT EPOCH 16: 0.7478925701412115
TRAIN ACC AT EPOCH 17: 0.7514899201040506
TRAIN ACC AT EPOCH 18: 0.7552167526012634
TRAIN ACC AT EPOCH 19: 0.7583789135079896
TRAIN ACC AT EPOCH 20: 0.7614266884986993
TRAIN ACC AT EPOCH 21: 0.7640015328874025
TRAIN ACC AT EPOCH 22: 0.7663496376811594
TRAIN ACC AT EPOCH 23: 0.7692191564474173
TRAIN ACC AT EPOCH 24: 0.7707517535302861
TRAIN ACC AT EPOCH 25: 0.7726661208658492
Initialize dataset with 1148437 characters, 86 unique.
f he at s the in the us and ar
ve an thioutis arthere ore ale
XAme t arin ar tathof whe ther
7, alicore angre in s ce ar te
 thinon the allin porice ave h

uly ce io ope the s thend thar
Co ateit acthenof d alinity ad
The tufores, thive ith ouinali
civith ond thy thorthitard buc
of spof che ay, grcithey the t

[Ful5beweBJo$Qg tig@FD Ciocrtr
#Q?quravif saze7gSel.*Pen C2, 
YstountiQTuc,(2 stf tarfyïh to
gusis e, piclddy;#[din@[X* uie
Am PYhJTHeIa#),mevfihoL08/byer

