Initialize dataset with 1148437 characters, 86 unique.
TRAIN ACC AT EPOCH 1: 0.5668751161278335
TRAIN ACC AT EPOCH 2: 0.6397119449089558
TRAIN ACC AT EPOCH 3: 0.656926444630249
TRAIN ACC AT EPOCH 4: 0.6686515816610925
TRAIN ACC AT EPOCH 5: 0.6784106744704571
TRAIN ACC AT EPOCH 6: 0.6872941634150873
TRAIN ACC AT EPOCH 7: 0.6953371771646228
TRAIN ACC AT EPOCH 8: 0.7029563243218134
TRAIN ACC AT EPOCH 9: 0.7096914483463397
TRAIN ACC AT EPOCH 10: 0.7163008639910814
TRAIN ACC AT EPOCH 11: 0.7229619565217391
TRAIN ACC AT EPOCH 12: 0.7286681879412857
TRAIN ACC AT EPOCH 13: 0.7343268069490896
TRAIN ACC AT EPOCH 14: 0.7389855653102936
TRAIN ACC AT EPOCH 15: 0.7433243914901524
TRAIN ACC AT EPOCH 16: 0.7478925701412115
TRAIN ACC AT EPOCH 17: 0.7514899201040506
TRAIN ACC AT EPOCH 18: 0.7552167526012634
TRAIN ACC AT EPOCH 19: 0.7583789135079896
TRAIN ACC AT EPOCH 20: 0.7614266884986993
Initialize dataset with 1148437 characters, 86 unique.
Quakers have been made to regu
VIII: Future Condition Of Thre
50 in 1890.]  My present objec
Ohio is a purely voted by the 
" says the Court of Sessions, 

ys countries represent the Ame
Results, after having democrat
4.) The State of Alabama divid
lic original 1stimation of the
213; 1832, and in the South, t

Atliots at that might boast ar
HDEAS YOU HIV -The nullting wa
just yeser. A portion of Prema
4: RPyRACH Pi, west to no effe
Hgoin, Wherever Canada, "but, 

